17:28:10 - Compilation complete. Watching for file changes.
17:28:14 - File change detected. Starting incremental compilation...
17:28:15 - Compilation complete. Watching for file changes.
17:32:07 - File change detected. Starting incremental compilation...
Shop/modules/Shopping/Product/ProductProperties.ts(74,9): error TS2322: Type 'KnockoutObservableArray<{}>' is not assignable to type 'KnockoutObservableArray<KeyValue>'.
  Type '{}' is not assignable to type 'KeyValue'.
    Property 'key' is missing in type '{}'.
17:32:07 - Compilation complete. Watching for file changes.
17:32:17 - File change detected. Starting incremental compilation...
17:32:18 - Compilation complete. Watching for file changes.
17:32:41 - File change detected. Starting incremental compilation...
17:32:42 - Compilation complete. Watching for file changes.
17:33:35 - File change detected. Starting incremental compilation...
17:33:38 - Compilation complete. Watching for file changes.
17:34:57 - File change detected. Starting incremental compilation...
17:35:00 - Compilation complete. Watching for file changes.
17:37:07 - File change detected. Starting incremental compilation...
17:37:10 - Compilation complete. Watching for file changes.
17:39:11 - File change detected. Starting incremental compilation...
17:39:12 - Compilation complete. Watching for file changes.
17:39:32 - File change detected. Starting incremental compilation...
17:39:33 - Compilation complete. Watching for file changes.
17:40:45 - File change detected. Starting incremental compilation...
17:40:46 - Compilation complete. Watching for file changes.
17:43:34 - File change detected. Starting incremental compilation...
Shop/modules/Shopping/Product/ProductEdit.ts(7,37): error TS2307: Cannot find module 'modules/Shopping/Product/ProductGroupDialog'.
17:43:35 - Compilation complete. Watching for file changes.
17:43:36 - File change detected. Starting incremental compilation...
Shop/modules/Shopping/Product/ProductEdit.ts(7,37): error TS2307: Cannot find module 'modules/Shopping/Product/ProductGroupDialog'.
17:43:37 - Compilation complete. Watching for file changes.
